<?xml version="1.0" encoding="UTF-8"?>
<testng-results skipped="0" failed="0" ignored="0" total="2" passed="2">
  <reporter-output>
  </reporter-output>
  <suite name="用户管理系统测试套件" duration-ms="2037" started-at="2020-03-30T03:58:40Z" finished-at="2020-03-30T03:58:42Z">
    <groups>
    </groups>
    <test name="用户管理系统测试用例" duration-ms="2037" started-at="2020-03-30T03:58:40Z" finished-at="2020-03-30T03:58:42Z">
      <class name="com.tester.cases.GetCaseList">
        <test-method status="PASS" signature="test1()[pri:0, instance:com.tester.cases.GetCaseList@6bf256fa]" name="test1" duration-ms="2021" started-at="2020-03-30T11:58:40Z" finished-at="2020-03-30T11:58:42Z">
          <reporter-output>
          </reporter-output>
        </test-method> <!-- test1 -->
        <test-method status="PASS" signature="test2()[pri:0, instance:com.tester.cases.GetCaseList@6bf256fa]" name="test2" duration-ms="0" started-at="2020-03-30T11:58:42Z" finished-at="2020-03-30T11:58:42Z">
          <reporter-output>
          </reporter-output>
        </test-method> <!-- test2 -->
      </class> <!-- com.tester.cases.GetCaseList -->
    </test> <!-- 用户管理系统测试用例 -->
  </suite> <!-- 用户管理系统测试套件 -->
</testng-results>
